0 info it worked if it ends with ok
1 verbose cli [ '/Users/jerryhuang/.nvm/versions/node/v4.4.3/bin/node',
1 verbose cli   '/Users/jerryhuang/.nvm/versions/node/v4.4.3/bin/npm',
1 verbose cli   'run',
1 verbose cli   'babel-node',
1 verbose cli   'src/main.js' ]
2 info using npm@2.15.1
3 info using node@v4.4.3
4 verbose run-script [ 'prebabel-node', 'babel-node', 'postbabel-node' ]
5 info prebabel-node server@1.0.0
6 info babel-node server@1.0.0
7 verbose unsafe-perm in lifecycle true
8 info server@1.0.0 Failed to exec babel-node script
9 verbose stack Error: server@1.0.0 babel-node: `babel-node --presets=es2015 --ignore='foo|bar|baz' "src/main.js"`
9 verbose stack Exit status 1
9 verbose stack     at EventEmitter.<anonymous> (/Users/jerryhuang/.nvm/versions/node/v4.4.3/lib/node_modules/npm/lib/utils/lifecycle.js:217:16)
9 verbose stack     at emitTwo (events.js:87:13)
9 verbose stack     at EventEmitter.emit (events.js:172:7)
9 verbose stack     at ChildProcess.<anonymous> (/Users/jerryhuang/.nvm/versions/node/v4.4.3/lib/node_modules/npm/lib/utils/spawn.js:24:14)
9 verbose stack     at emitTwo (events.js:87:13)
9 verbose stack     at ChildProcess.emit (events.js:172:7)
9 verbose stack     at maybeClose (internal/child_process.js:827:16)
9 verbose stack     at Process.ChildProcess._handle.onexit (internal/child_process.js:211:5)
10 verbose pkgid server@1.0.0
11 verbose cwd /Users/jerryhuang/projects/catchme2.jjwedding/server
12 error Darwin 15.4.0
13 error argv "/Users/jerryhuang/.nvm/versions/node/v4.4.3/bin/node" "/Users/jerryhuang/.nvm/versions/node/v4.4.3/bin/npm" "run" "babel-node" "src/main.js"
14 error node v4.4.3
15 error npm  v2.15.1
16 error code ELIFECYCLE
17 error server@1.0.0 babel-node: `babel-node --presets=es2015 --ignore='foo|bar|baz' "src/main.js"`
17 error Exit status 1
18 error Failed at the server@1.0.0 babel-node script 'babel-node --presets=es2015 --ignore='foo|bar|baz' "src/main.js"'.
18 error This is most likely a problem with the server package,
18 error not with npm itself.
18 error Tell the author that this fails on your system:
18 error     babel-node --presets=es2015 --ignore='foo|bar|baz' "src/main.js"
18 error You can get information on how to open an issue for this project with:
18 error     npm bugs server
18 error Or if that isn't available, you can get their info via:
18 error
18 error     npm owner ls server
18 error There is likely additional logging output above.
19 verbose exit [ 1, true ]
